#
# There is insufficient memory for the Java Runtime Environment to continue.
# Native memory allocation (mmap) failed to map 268435456 bytes for G1 virtual space
# Possible reasons:
#   The system is out of physical RAM or swap space
#   The process is running with CompressedOops enabled, and the Java Heap may be blocking the growth of the native heap
# Possible solutions:
#   Reduce memory load on the system
#   Increase physical memory or swap space
#   Check if swap backing store is full
#   Decrease Java heap size (-Xmx/-Xms)
#   Decrease number of Java threads
#   Decrease Java thread stack sizes (-Xss)
#   Set larger code cache with -XX:ReservedCodeCacheSize=
#   JVM is running with Unscaled Compressed Oops mode in which the Java heap is
#     placed in the first 4GB address space. The Java Heap base address is the
#     maximum limit for the native heap growth. Please use -XX:HeapBaseMinAddress
#     to set the Java Heap base and to place the Java Heap above 4GB virtual address.
# This output file may be truncated or incomplete.
#
#  Out of Memory Error (os_windows.cpp:3617), pid=10412, tid=9156
#
# JRE version:  (17.0.8.1+1) (build )
# Java VM: OpenJDK 64-Bit Server VM (17.0.8.1+1, mixed mode, sharing, tiered, compressed oops, compressed class ptrs, g1 gc, windows-amd64)
# No core dump will be written. Minidumps are not enabled by default on client versions of Windows
#

---------------  S U M M A R Y ------------

Command Line: -Dosgi.requiredJavaVersion=1.8 -Dosgi.instance.area.default=@user.home/STM32CubeIDE/workspace_1.14.1 -Declipse.buildId=Version 1.14.1 -DproductMaturityGrade=mm -Djdk.http.auth.tunneling.disabledSchemes= -XX:+UseG1GC -XX:+UseStringDeduplication -Xms256m -Xmx1024m -Djavax.net.ssl.trustStoreType=WINDOWS-ROOT 

Host: AMD Ryzen 5 5600H with Radeon Graphics         , 12 cores, 15G,  Windows 11 , 64 bit Build 22621 (10.0.22621.4391)
Time: Mon Dec  2 16:11:13 2024 SE Asia Standard Time elapsed time: 0.008568 seconds (0d 0h 0m 0s)

---------------  T H R E A D  ---------------

Current thread (0x000002060cd4e3d0):  JavaThread "Unknown thread" [_thread_in_vm, id=9156, stack(0x000000e2fda00000,0x000000e2fdb00000)]

Stack: [0x000000e2fda00000,0x000000e2fdb00000]
Native frames: (J=compiled Java code, j=interpreted, Vv=VM code, C=native code)
V  [jvm.dll+0x678b0a]
V  [jvm.dll+0x835e84]
V  [jvm.dll+0x83762e]
V  [jvm.dll+0x837c93]
V  [jvm.dll+0x24746f]
V  [jvm.dll+0x675859]
V  [jvm.dll+0x66a0ea]
V  [jvm.dll+0x306c7b]
V  [jvm.dll+0x30e166]
V  [jvm.dll+0x35dd3e]
V  [jvm.dll+0x35df6f]
V  [jvm.dll+0x2ddb48]
V  [jvm.dll+0x2deab4]
V  [jvm.dll+0x807f31]
V  [jvm.dll+0x36bb21]
V  [jvm.dll+0x7e733c]
V  [jvm.dll+0x3ee4af]
V  [jvm.dll+0x3f00c1]
C  [eclipse_11801.dll+0x72e2]
C  [eclipse_11801.dll+0x3f69]
C  [stm32cubeide.exe+0x1f27]
C  [stm32cubeide.exe+0x3b74]
C  [KERNEL32.DLL+0x1259d]
C  [ntdll.dll+0x5af38]


---------------  P R O C E S S  ---------------

Threads class SMR info:
_java_thread_list=0x00007ff9ec4da018, length=0, elements={
}

Java Threads: ( => current thread )

Other Threads:
  0x000002060cd8c7d0 GCTaskThread "GC Thread#0" [stack: 0x000000e2fde00000,0x000000e2fdf00000] [id=15524]
  0x000002060cd95720 ConcurrentGCThread "G1 Main Marker" [stack: 0x000000e2fdf00000,0x000000e2fe000000] [id=10980]
  0x000002060cd96ca0 ConcurrentGCThread "G1 Conc#0" [stack: 0x000000e2fe000000,0x000000e2fe100000] [id=13400]

[error occurred during error reporting (printing all threads), id 0xc0000005, EXCEPTION_ACCESS_VIOLATION (0xc0000005) at pc=0x00007ff9ebcae587]

VM state: not at safepoint (not fully initialized)

VM Mutex/Monitor currently owned by a thread:  ([mutex/lock_event])
[0x000002060cd49720] Heap_lock - owner thread: 0x000002060cd4e3d0

Heap address: 0x00000000c0000000, size: 1024 MB, Compressed Oops mode: 32-bit

CDS archive(s) mapped at: [0x0000000000000000-0x0000000000000000-0x0000000000000000), size 0, SharedBaseAddress: 0x0000000800000000, ArchiveRelocationMode: 1.
Narrow klass base: 0x0000000000000000, Narrow klass shift: 0, Narrow klass range: 0x0

GC Precious Log:
<Empty>

Heap:
 garbage-first heap   total 0K, used 0K [0x00000000c0000000, 0x0000000100000000)
  region size 1024K, 0 young (0K), 0 survivors (0K)

[error occurred during error reporting (printing heap information), id 0xc0000005, EXCEPTION_ACCESS_VIOLATION (0xc0000005) at pc=0x00007ff9ec092699]

GC Heap History (0 events):
No events

Dll operation events (1 events):
Event: 0.004 Loaded shared library C:\ST\STM32CubeIDE_1.14.1\STM32CubeIDE\plugins\com.st.stm32cube.ide.jre.win64_3.1.0.202310310920\jre\bin\java.dll

Deoptimization events (0 events):
No events

Classes unloaded (0 events):
No events

Classes redefined (0 events):
No events

Internal exceptions (0 events):
No events

VM Operations (0 events):
No events

Events (0 events):
No events


Dynamic libraries:
0x00007ff69c3d0000 - 0x00007ff69c454000 	C:\ST\STM32CubeIDE_1.14.1\STM32CubeIDE\stm32cubeide.exe
0x00007ffa57730000 - 0x00007ffa57947000 	C:\WINDOWS\SYSTEM32\ntdll.dll
0x00007ffa56620000 - 0x00007ffa566e4000 	C:\WINDOWS\System32\KERNEL32.DLL
0x00007ffa54ad0000 - 0x00007ffa54e89000 	C:\WINDOWS\System32\KERNELBASE.dll
0x00007ffa56c10000 - 0x00007ffa56dbe000 	C:\WINDOWS\System32\USER32.dll
0x00007ffa55050000 - 0x00007ffa55076000 	C:\WINDOWS\System32\win32u.dll
0x00007ffa56ea0000 - 0x00007ffa56ec9000 	C:\WINDOWS\System32\GDI32.dll
0x00007ffa55100000 - 0x00007ffa5521b000 	C:\WINDOWS\System32\gdi32full.dll
0x00007ffa54e90000 - 0x00007ffa54f2a000 	C:\WINDOWS\System32\msvcp_win.dll
0x00007ffa54f30000 - 0x00007ffa55041000 	C:\WINDOWS\System32\ucrtbase.dll
0x00007ffa4ac10000 - 0x00007ffa4aea2000 	C:\WINDOWS\WinSxS\amd64_microsoft.windows.common-controls_6595b64144ccf1df_6.0.22621.4391_none_2715d37f73803e96\COMCTL32.dll
0x00007ffa574d0000 - 0x00007ffa57577000 	C:\WINDOWS\System32\msvcrt.dll
0x00007ffa56120000 - 0x00007ffa56151000 	C:\WINDOWS\System32\IMM32.DLL
0x00007ffa33ae0000 - 0x00007ffa33b1e000 	C:\ST\STM32CubeIDE_1.14.1\STM32CubeIDE\plugins\org.eclipse.equinox.launcher.win32.win32.x86_64_1.2.700.v20221108-1024\eclipse_11801.dll
0x00007ffa55eb0000 - 0x00007ffa55f62000 	C:\WINDOWS\System32\ADVAPI32.dll
0x00007ffa56570000 - 0x00007ffa56617000 	C:\WINDOWS\System32\sechost.dll
0x00007ffa54a30000 - 0x00007ffa54a58000 	C:\WINDOWS\System32\bcrypt.dll
0x00007ffa571f0000 - 0x00007ffa57304000 	C:\WINDOWS\System32\RPCRT4.dll
0x00007ffa56ed0000 - 0x00007ffa57075000 	C:\WINDOWS\System32\ole32.dll
0x00007ffa56160000 - 0x00007ffa564ef000 	C:\WINDOWS\System32\combase.dll
0x00007ffa4aed0000 - 0x00007ffa4aeda000 	C:\WINDOWS\SYSTEM32\VERSION.dll
0x00007ff9eb9c0000 - 0x00007ff9ec60c000 	C:\ST\STM32CubeIDE_1.14.1\STM32CubeIDE\plugins\com.st.stm32cube.ide.jre.win64_3.1.0.202310310920\jre\bin\server\jvm.dll
0x00007ffa53880000 - 0x00007ffa538cd000 	C:\WINDOWS\SYSTEM32\POWRPROF.dll
0x00007ffa4e720000 - 0x00007ffa4e754000 	C:\WINDOWS\SYSTEM32\WINMM.dll
0x00007ffa38610000 - 0x00007ffa38619000 	C:\WINDOWS\SYSTEM32\WSOCK32.dll
0x00007ffa2eaa0000 - 0x00007ffa2eabd000 	C:\WINDOWS\SYSTEM32\VCRUNTIME140.dll
0x00007ffa564f0000 - 0x00007ffa56561000 	C:\WINDOWS\System32\WS2_32.dll
0x00007ffa2ec60000 - 0x00007ffa2ec6c000 	C:\WINDOWS\SYSTEM32\VCRUNTIME140_1.dll
0x00007ffa53860000 - 0x00007ffa53873000 	C:\WINDOWS\SYSTEM32\UMPDC.dll
0x00007ffa38600000 - 0x00007ffa3860a000 	C:\ST\STM32CubeIDE_1.14.1\STM32CubeIDE\plugins\com.st.stm32cube.ide.jre.win64_3.1.0.202310310920\jre\bin\jimage.dll
0x00007ffa52350000 - 0x00007ffa52582000 	C:\WINDOWS\SYSTEM32\DBGHELP.DLL
0x00007ffa56dc0000 - 0x00007ffa56e97000 	C:\WINDOWS\System32\OLEAUT32.dll
0x00007ffa49f10000 - 0x00007ffa49f42000 	C:\WINDOWS\SYSTEM32\dbgcore.DLL
0x00007ffa55080000 - 0x00007ffa550fb000 	C:\WINDOWS\System32\bcryptPrimitives.dll
0x00007ffa37850000 - 0x00007ffa37875000 	C:\ST\STM32CubeIDE_1.14.1\STM32CubeIDE\plugins\com.st.stm32cube.ide.jre.win64_3.1.0.202310310920\jre\bin\java.dll
0x00007ffa53b30000 - 0x00007ffa53b48000 	C:\WINDOWS\SYSTEM32\kernel.appcore.dll

dbghelp: loaded successfully - version: 4.0.5 - missing functions: none
symbol engine: initialized successfully - sym options: 0x614 - pdb path: .;C:\ST\STM32CubeIDE_1.14.1\STM32CubeIDE;C:\WINDOWS\SYSTEM32;C:\WINDOWS\WinSxS\amd64_microsoft.windows.common-controls_6595b64144ccf1df_6.0.22621.4391_none_2715d37f73803e96;C:\ST\STM32CubeIDE_1.14.1\STM32CubeIDE\plugins\org.eclipse.equinox.launcher.win32.win32.x86_64_1.2.700.v20221108-1024;C:\ST\STM32CubeIDE_1.14.1\STM32CubeIDE\plugins\com.st.stm32cube.ide.jre.win64_3.1.0.202310310920\jre\bin\server;C:\ST\STM32CubeIDE_1.14.1\STM32CubeIDE\plugins\com.st.stm32cube.ide.jre.win64_3.1.0.202310310920\jre\bin

VM Arguments:
jvm_args: -Dosgi.requiredJavaVersion=1.8 -Dosgi.instance.area.default=@user.home/STM32CubeIDE/workspace_1.14.1 -Declipse.buildId=Version 1.14.1 -DproductMaturityGrade=mm -Djdk.http.auth.tunneling.disabledSchemes= -XX:+UseG1GC -XX:+UseStringDeduplication -Xms256m -Xmx1024m -Djavax.net.ssl.trustStoreType=WINDOWS-ROOT 
java_command: <unknown>
java_class_path (initial): C:\ST\STM32CubeIDE_1.14.1\STM32CubeIDE\\plugins/org.eclipse.equinox.launcher_1.6.500.v20230717-2134.jar
Launcher Type: generic

[Global flags]
     intx CICompilerCount                          = 4                                         {product} {ergonomic}
     uint ConcGCThreads                            = 3                                         {product} {ergonomic}
     uint G1ConcRefinementThreads                  = 10                                        {product} {ergonomic}
   size_t G1HeapRegionSize                         = 1048576                                   {product} {ergonomic}
    uintx GCDrainStackTargetSize                   = 64                                        {product} {ergonomic}
   size_t InitialHeapSize                          = 268435456                                 {product} {command line}
   size_t MarkStackSize                            = 4194304                                   {product} {ergonomic}
   size_t MaxHeapSize                              = 1073741824                                {product} {command line}
   size_t MinHeapDeltaBytes                        = 1048576                                   {product} {ergonomic}
   size_t MinHeapSize                              = 268435456                                 {product} {command line}
    uintx NonNMethodCodeHeapSize                   = 5839372                                {pd product} {ergonomic}
    uintx NonProfiledCodeHeapSize                  = 122909434                              {pd product} {ergonomic}
    uintx ProfiledCodeHeapSize                     = 122909434                              {pd product} {ergonomic}
    uintx ReservedCodeCacheSize                    = 251658240                              {pd product} {ergonomic}
     bool SegmentedCodeCache                       = true                                      {product} {ergonomic}
   size_t SoftMaxHeapSize                          = 1073741824                             {manageable} {ergonomic}
     bool UseCompressedClassPointers               = true                           {product lp64_product} {ergonomic}
     bool UseCompressedOops                        = true                           {product lp64_product} {ergonomic}
     bool UseG1GC                                  = true                                      {product} {command line}
     bool UseLargePagesIndividualAllocation        = false                                  {pd product} {ergonomic}
     bool UseStringDeduplication                   = true                                      {product} {command line}

Logging:
Log output configuration:
 #0: stdout all=warning uptime,level,tags
 #1: stderr all=off uptime,level,tags

Environment Variables:
PATH=C:\Program Files (x86)\Common Files\Oracle\Java\javapath;C:\Windows\system32;C:\Windows;C:\Windows\System32\Wbem;C:\Windows\System32\WindowsPowerShell\v1.0\;C:\Windows\System32\OpenSSH\;C:\Program Files (x86)\NVIDIA Corporation\PhysX\Common;C:\Program Files\NVIDIA Corporation\NVIDIA NvDLISR;C:\WINDOWS\system32;C:\WINDOWS;C:\WINDOWS\System32\Wbem;C:\WINDOWS\System32\WindowsPowerShell\v1.0\;C:\WINDOWS\System32\OpenSSH\;C:\mingw32\bin;C:\Program Files (x86)\STMicroelectronics\STM32 ST-LINK Utility\ST-LINK Utility;C:\Users\ASUS\AppData\Local\Microsoft\WindowsApps;;C:\modeltech64_10.5\win64;C:\questasim64_10.2c\win64;C:\Users\ASUS\AppData\Local\Programs\Microsoft VS Code\bin
USERNAME=Th?o Qu?ng
OS=Windows_NT
PROCESSOR_IDENTIFIER=AMD64 Family 25 Model 80 Stepping 0, AuthenticAMD
TMP=C:\Users\ASUS\AppData\Local\Temp
TEMP=C:\Users\ASUS\AppData\Local\Temp



---------------  S Y S T E M  ---------------

OS:
 Windows 11 , 64 bit Build 22621 (10.0.22621.4391)
OS uptime: 0 days 23:39 hours
Hyper-V role detected

CPU: total 12 (initial active 12) (12 cores per cpu, 2 threads per core) family 25 model 80 stepping 0 microcode 0x0, cx8, cmov, fxsr, ht, mmx, 3dnowpref, sse, sse2, sse3, ssse3, sse4a, sse4.1, sse4.2, popcnt, lzcnt, tsc, tscinvbit, avx, avx2, aes, erms, clmul, bmi1, bmi2, adx, sha, fma, vzeroupper, clflush, clflushopt, hv
Processor Information for all 12 processors :
  Max Mhz: 3301, Current Mhz: 3301, Mhz Limit: 3301

Memory: 4k page, system-wide physical 15775M (4151M free)
TotalPageFile size 17823M (AvailPageFile size 211M)
current process WorkingSet (physical memory assigned to process): 11M, peak: 11M
current process commit charge ("private bytes"): 64M, peak: 320M

vm_info: OpenJDK 64-Bit Server VM (17.0.8.1+1) for windows-amd64 JRE (17.0.8.1+1), built on Aug 23 2023 15:29:17 by "admin" with MS VC++ 16.7 (VS2019)

END.
